<?xml version="1.0" encoding="UTF-8"?>
<testsuite name="TestEastWestBridgeProblem" tests="11" skipped="0" failures="0" errors="0" timestamp="2021-05-11T06:20:36" hostname="PC" time="75.372">
  <properties/>
  <testcase name="testHighLoad()" classname="TestEastWestBridgeProblem" time="36.065"/>
  <testcase name="testEastBlocksWest()" classname="TestEastWestBridgeProblem" time="0.006"/>
  <testcase name="[1] EAST" classname="TestEastWestBridgeProblem" time="0.219"/>
  <testcase name="[2] WEST" classname="TestEastWestBridgeProblem" time="0.205"/>
  <testcase name="testLowLoad()" classname="TestEastWestBridgeProblem" time="10.061"/>
  <testcase name="testOneCarPasses [1] EAST" classname="TestEastWestBridgeProblem" time="0.003"/>
  <testcase name="testOneCarPasses [2] WEST" classname="TestEastWestBridgeProblem" time="0.001"/>
  <testcase name="testOneDirectionOnly [1] EAST" classname="TestEastWestBridgeProblem" time="9.852"/>
  <testcase name="testOneDirectionOnly [2] WEST" classname="TestEastWestBridgeProblem" time="8.796"/>
  <testcase name="testMediumLoad()" classname="TestEastWestBridgeProblem" time="10.027"/>
  <testcase name="testWestBlocksEast()" classname="TestEastWestBridgeProblem" time="0.101"/>
  <system-out><![CDATA[Departing car from the WEST
Departing car from the EAST
Departing car from the EAST
Departing car from the WEST
Departing car from the EAST
Departing car from the EAST
Departing car from the WEST
Departing car from the WEST
Departing car from the EAST
Departing car from the WEST
Departing car from the EAST
Departing car from the WEST
Departing car from the EAST
Departing car from the EAST
Departing car from the WEST
Departing car from the WEST
Departing car from the EAST
Departing car from the EAST
Departing car from the EAST
Departing car from the WEST
Departing car from the EAST
Departing car from the WEST
Departing car from the EAST
Departing car from the EAST
Departing car from the EAST
Departing car from the EAST
Departing car from the EAST
Departing car from the WEST
Departing car from the EAST
Departing car from the EAST
Departing car from the EAST
Departing car from the WEST
Departing car from the EAST
Departing car from the EAST
Departing car from the EAST
Departing car from the EAST
Departing car from the EAST
Departing car from the WEST
Departing car from the EAST
Departing car from the WEST
Departing car from the WEST
Departing car from the WEST
Departing car from the EAST
Departing car from the EAST
Departing car from the EAST
Departing car from the WEST
Departing car from the EAST
Departing car from the WEST
Departing car from the WEST
Departing car from the EAST
Departing car from the EAST
Departing car from the EAST
Departing car from the EAST
Departing car from the WEST
Departing car from the WEST
Departing car from the WEST
Departing car from the EAST
Departing car from the WEST
Departing car from the WEST
Departing car from the EAST
Departing car from the EAST
Departing car from the EAST
Departing car from the EAST
Departing car from the EAST
Departing car from the WEST
Departing car from the WEST
Departing car from the WEST
Departing car from the EAST
Departing car from the WEST
Departing car from the WEST
Departing car from the WEST
Departing car from the WEST
Departing car from the WEST
Departing car from the WEST
Departing car from the WEST
Departing car from the EAST
Departing car from the EAST
Departing car from the EAST
Departing car from the EAST
Departing car from the WEST
Departing car from the WEST
Departing car from the WEST
Departing car from the WEST
Departing car from the WEST
Departing car from the EAST
Departing car from the EAST
Departing car from the WEST
Departing car from the EAST
Departing car from the WEST
Departing car from the EAST
Departing car from the WEST
Departing car from the EAST
Departing car from the WEST
Departing car from the WEST
Departing car from the EAST
Departing car from the EAST
Departing car from the EAST
Departing car from the EAST
Departing car from the EAST
Departing car from the WEST
Departing car from the EAST
I [+   36079ms] T[Test worker ]: onArrive(EAST)
I [+   36079ms] T[Test worker ]: onArrive(EAST)
I [+   36079ms] T[Test worker ]: onArrive(EAST)
I [+   36080ms] T[Thread-104  ]: onArrive(EAST) extra begin
Departing car from the EAST
I [+   36181ms] T[Thread-104  ]: onArrive(EAST) extra end
I [+   36293ms] T[Test worker ]: onArrive(WEST)
I [+   36294ms] T[Test worker ]: onArrive(WEST)
I [+   36295ms] T[Test worker ]: onArrive(WEST)
I [+   36296ms] T[Thread-105  ]: onArrive(WEST) extra begin
Departing car from the WEST
I [+   36396ms] T[Thread-105  ]: onArrive(WEST) extra end
Departing car from the WEST
Departing car from the WEST
Departing car from the WEST
Departing car from the WEST
Departing car from the WEST
Departing car from the EAST
Departing car from the WEST
Departing car from the WEST
Departing car from the EAST
Departing car from the EAST
Departing car from the WEST
Departing car from the WEST
Departing car from the EAST
Departing car from the WEST
Departing car from the EAST
Departing car from the WEST
Departing car from the EAST
Departing car from the EAST
Departing car from the EAST
Departing car from the WEST
Departing car from the EAST
Departing car from the EAST
Departing car from the EAST
Departing car from the WEST
Departing car from the EAST
Departing car from the EAST
Departing car from the WEST
Departing car from the WEST
Departing car from the EAST
Departing car from the WEST
Departing car from the EAST
Departing car from the EAST
Departing car from the EAST
Departing car from the WEST
Departing car from the EAST
Departing car from the WEST
Departing car from the WEST
Departing car from the WEST
Departing car from the EAST
Departing car from the EAST
Departing car from the WEST
Departing car from the EAST
Departing car from the EAST
Departing car from the WEST
Departing car from the EAST
Departing car from the EAST
Departing car from the WEST
Departing car from the EAST
Departing car from the EAST
Departing car from the EAST
Departing car from the EAST
Departing car from the EAST
Departing car from the EAST
Departing car from the EAST
Departing car from the EAST
Departing car from the EAST
Departing car from the WEST
Departing car from the EAST
Departing car from the EAST
Departing car from the WEST
Departing car from the EAST
Departing car from the WEST
Departing car from the EAST
Departing car from the EAST
Departing car from the WEST
Departing car from the EAST
Departing car from the EAST
Departing car from the EAST
Departing car from the WEST
Departing car from the WEST
Departing car from the EAST
Departing car from the EAST
Departing car from the WEST
Departing car from the EAST
Departing car from the EAST
Departing car from the WEST
Departing car from the WEST
Departing car from the EAST
Departing car from the WEST
Departing car from the EAST
Departing car from the WEST
Departing car from the EAST
Departing car from the EAST
Departing car from the WEST
Departing car from the WEST
Departing car from the EAST
Departing car from the EAST
Departing car from the EAST
Departing car from the WEST
Departing car from the WEST
Departing car from the EAST
Departing car from the EAST
Departing car from the WEST
Departing car from the EAST
Departing car from the EAST
Departing car from the EAST
Departing car from the WEST
Departing car from the EAST
Departing car from the WEST
Departing car from the EAST
Departing car from the EAST
Departing car from the WEST
Departing car from the EAST
Departing car from the EAST
Departing car from the EAST
Departing car from the EAST
Departing car from the EAST
Departing car from the EAST
Departing car from the EAST
Departing car from the EAST
Departing car from the EAST
Departing car from the EAST
Departing car from the EAST
Departing car from the EAST
Departing car from the EAST
Departing car from the EAST
Departing car from the EAST
Departing car from the EAST
Departing car from the EAST
Departing car from the EAST
Departing car from the EAST
Departing car from the EAST
Departing car from the EAST
Departing car from the EAST
Departing car from the EAST
Departing car from the EAST
Departing car from the EAST
Departing car from the EAST
Departing car from the EAST
Departing car from the EAST
Departing car from the EAST
Departing car from the EAST
Departing car from the EAST
Departing car from the EAST
Departing car from the EAST
Departing car from the EAST
Departing car from the EAST
Departing car from the EAST
Departing car from the EAST
Departing car from the EAST
Departing car from the EAST
Departing car from the EAST
Departing car from the EAST
Departing car from the EAST
Departing car from the EAST
Departing car from the EAST
Departing car from the EAST
Departing car from the EAST
Departing car from the EAST
Departing car from the EAST
Departing car from the EAST
Departing car from the EAST
Departing car from the EAST
Departing car from the EAST
Departing car from the EAST
Departing car from the EAST
Departing car from the EAST
Departing car from the EAST
Departing car from the EAST
Departing car from the EAST
Departing car from the EAST
Departing car from the EAST
Departing car from the EAST
Departing car from the EAST
Departing car from the EAST
Departing car from the EAST
Departing car from the EAST
Departing car from the EAST
Departing car from the EAST
Departing car from the EAST
Departing car from the EAST
Departing car from the EAST
Departing car from the EAST
Departing car from the EAST
Departing car from the EAST
Departing car from the EAST
Departing car from the EAST
Departing car from the EAST
Departing car from the EAST
Departing car from the EAST
Departing car from the EAST
Departing car from the EAST
Departing car from the EAST
Departing car from the EAST
Departing car from the EAST
Departing car from the EAST
Departing car from the EAST
Departing car from the EAST
Departing car from the EAST
Departing car from the EAST
Departing car from the EAST
Departing car from the EAST
Departing car from the EAST
Departing car from the EAST
Departing car from the EAST
Departing car from the EAST
Departing car from the EAST
Departing car from the EAST
Departing car from the EAST
Departing car from the EAST
Departing car from the EAST
Departing car from the EAST
Departing car from the WEST
Departing car from the WEST
Departing car from the WEST
Departing car from the WEST
Departing car from the WEST
Departing car from the WEST
Departing car from the WEST
Departing car from the WEST
Departing car from the WEST
Departing car from the WEST
Departing car from the WEST
Departing car from the WEST
Departing car from the WEST
Departing car from the WEST
Departing car from the WEST
Departing car from the WEST
Departing car from the WEST
Departing car from the WEST
Departing car from the WEST
Departing car from the WEST
Departing car from the WEST
Departing car from the WEST
Departing car from the WEST
Departing car from the WEST
Departing car from the WEST
Departing car from the WEST
Departing car from the WEST
Departing car from the WEST
Departing car from the WEST
Departing car from the WEST
Departing car from the WEST
Departing car from the WEST
Departing car from the WEST
Departing car from the WEST
Departing car from the WEST
Departing car from the WEST
Departing car from the WEST
Departing car from the WEST
Departing car from the WEST
Departing car from the WEST
Departing car from the WEST
Departing car from the WEST
Departing car from the WEST
Departing car from the WEST
Departing car from the WEST
Departing car from the WEST
Departing car from the WEST
Departing car from the WEST
Departing car from the WEST
Departing car from the WEST
Departing car from the WEST
Departing car from the WEST
Departing car from the WEST
Departing car from the WEST
Departing car from the WEST
Departing car from the WEST
Departing car from the WEST
Departing car from the WEST
Departing car from the WEST
Departing car from the WEST
Departing car from the WEST
Departing car from the WEST
Departing car from the WEST
Departing car from the WEST
Departing car from the WEST
Departing car from the WEST
Departing car from the WEST
Departing car from the WEST
Departing car from the WEST
Departing car from the WEST
Departing car from the WEST
Departing car from the WEST
Departing car from the WEST
Departing car from the WEST
Departing car from the WEST
Departing car from the WEST
Departing car from the WEST
Departing car from the WEST
Departing car from the WEST
Departing car from the WEST
Departing car from the WEST
Departing car from the WEST
Departing car from the WEST
Departing car from the WEST
Departing car from the WEST
Departing car from the WEST
Departing car from the WEST
Departing car from the WEST
Departing car from the WEST
Departing car from the WEST
Departing car from the WEST
Departing car from the WEST
Departing car from the WEST
Departing car from the WEST
Departing car from the WEST
Departing car from the WEST
Departing car from the WEST
Departing car from the WEST
Departing car from the WEST
Departing car from the WEST
Departing car from the WEST
Departing car from the EAST
Departing car from the EAST
Departing car from the WEST
Departing car from the WEST
Departing car from the EAST
Departing car from the EAST
Departing car from the EAST
Departing car from the WEST
Departing car from the EAST
Departing car from the WEST
Departing car from the WEST
Departing car from the WEST
Departing car from the WEST
Departing car from the EAST
Departing car from the WEST
Departing car from the EAST
Departing car from the WEST
Departing car from the WEST
Departing car from the EAST
Departing car from the WEST
Departing car from the EAST
Departing car from the WEST
Departing car from the EAST
Departing car from the EAST
Departing car from the WEST
Departing car from the WEST
Departing car from the EAST
Departing car from the EAST
Departing car from the WEST
Departing car from the EAST
Departing car from the EAST
Departing car from the WEST
Departing car from the EAST
Departing car from the EAST
Departing car from the WEST
Departing car from the WEST
Departing car from the EAST
Departing car from the WEST
Departing car from the WEST
Departing car from the WEST
Departing car from the WEST
Departing car from the EAST
Departing car from the EAST
Departing car from the EAST
Departing car from the EAST
Departing car from the EAST
Departing car from the WEST
Departing car from the EAST
Departing car from the EAST
Departing car from the WEST
Departing car from the EAST
Departing car from the WEST
Departing car from the EAST
Departing car from the EAST
Departing car from the WEST
Departing car from the WEST
Departing car from the EAST
Departing car from the WEST
Departing car from the WEST
Departing car from the EAST
Departing car from the EAST
Departing car from the WEST
Departing car from the EAST
Departing car from the WEST
Departing car from the EAST
Departing car from the WEST
Departing car from the WEST
Departing car from the WEST
Departing car from the EAST
Departing car from the WEST
Departing car from the WEST
Departing car from the WEST
Departing car from the EAST
Departing car from the WEST
Departing car from the WEST
Departing car from the WEST
Departing car from the WEST
Departing car from the EAST
Departing car from the WEST
Departing car from the EAST
Departing car from the WEST
Departing car from the WEST
Departing car from the EAST
Departing car from the WEST
Departing car from the WEST
Departing car from the WEST
Departing car from the EAST
Departing car from the EAST
Departing car from the EAST
Departing car from the WEST
Departing car from the WEST
Departing car from the EAST
Departing car from the WEST
Departing car from the EAST
Departing car from the WEST
Departing car from the WEST
Departing car from the WEST
Departing car from the EAST
Departing car from the EAST
Departing car from the WEST
]]></system-out>
  <system-err><![CDATA[]]></system-err>
</testsuite>
