<?xml version="1.0" encoding="UTF-8"?>
<testsuite name="TestQuoteProviderService" tests="2" skipped="0" failures="0" errors="0" timestamp="2021-05-19T21:31:44" hostname="PC" time="3.365">
  <properties/>
  <testcase name="testThreaded()" classname="TestQuoteProviderService" time="2.695"/>
  <testcase name="testSimple()" classname="TestQuoteProviderService" time="0.67"/>
  <system-out><![CDATA[D [+   16577ms] T[pool-11-thread-1]: Registered thread [69] as the user thread
D [+   16578ms] T[pool-11-thread-1]: I am a grumpy library, so I am going to sleep for a while... hang on there...
D [+   16788ms] T[pool-11-thread-1]: Okay, the tick is: 2447.483517 @ 1621459904478
D [+   16789ms] T[pool-11-thread-1]: I am a grumpy library, so I am going to sleep for a while... hang on there...
D [+   16834ms] T[pool-11-thread-1]: Okay, the tick is: 2427.849471 @ 1621459904524
D [+   16835ms] T[pool-11-thread-1]: I am a grumpy library, so I am going to sleep for a while... hang on there...
D [+   17459ms] T[pool-11-thread-1]: Okay, the tick is: 2768.462353 @ 1621459905149
D [+   17460ms] T[pool-11-thread-1]: I am a grumpy library, so I am going to sleep for a while... hang on there...
D [+   17651ms] T[pool-11-thread-1]: Okay, the tick is: 3223.348089 @ 1621459905341
D [+   17652ms] T[pool-11-thread-1]: I am a grumpy library, so I am going to sleep for a while... hang on there...
D [+   18092ms] T[pool-11-thread-1]: Okay, the tick is: 3900.146200 @ 1621459905782
D [+   18092ms] T[pool-11-thread-1]: I am a grumpy library, so I am going to sleep for a while... hang on there...
D [+   18207ms] T[pool-11-thread-1]: Okay, the tick is: 3154.591134 @ 1621459905896
D [+   18207ms] T[pool-11-thread-1]: I am a grumpy library, so I am going to sleep for a while... hang on there...
D [+   18254ms] T[pool-11-thread-1]: Okay, the tick is: 3930.862867 @ 1621459905943
D [+   18254ms] T[pool-11-thread-1]: I am a grumpy library, so I am going to sleep for a while... hang on there...
D [+   18562ms] T[pool-11-thread-1]: Okay, the tick is: 3768.457981 @ 1621459906252
D [+   18562ms] T[pool-11-thread-1]: I am a grumpy library, so I am going to sleep for a while... hang on there...
D [+   18608ms] T[pool-11-thread-1]: Okay, the tick is: 4101.809065 @ 1621459906298
D [+   18609ms] T[pool-11-thread-1]: I am a grumpy library, so I am going to sleep for a while... hang on there...
D [+   19208ms] T[pool-11-thread-1]: Okay, the tick is: 3673.592362 @ 1621459906898
D [+   19209ms] T[pool-11-thread-1]: I am a grumpy library, so I am going to sleep for a while... hang on there...
D [+   19219ms] T[pool-11-thread-1]: Okay, the tick is: 3611.700435 @ 1621459906909
D [+   19219ms] T[pool-11-thread-1]: I am a grumpy library, so I am going to sleep for a while... hang on there...
D [+   19267ms] T[pool-11-thread-1]: Okay, the tick is: 3157.307864 @ 1621459906956
D [+   19271ms] T[pool-13-thread-1]: Registered thread [94] as the user thread
D [+   19271ms] T[pool-13-thread-1]: I am a grumpy library, so I am going to sleep for a while... hang on there...
D [+   19391ms] T[pool-13-thread-1]: Okay, the tick is: 2487.458856 @ 1621459907081
D [+   19392ms] T[pool-13-thread-1]: I am a grumpy library, so I am going to sleep for a while... hang on there...
D [+   19521ms] T[pool-13-thread-1]: Okay, the tick is: 2621.938822 @ 1621459907211
D [+   19524ms] T[pool-13-thread-1]: I am a grumpy library, so I am going to sleep for a while... hang on there...
D [+   19754ms] T[pool-13-thread-1]: Okay, the tick is: 2720.479012 @ 1621459907443
D [+   19755ms] T[pool-13-thread-1]: I am a grumpy library, so I am going to sleep for a while... hang on there...
D [+   19938ms] T[pool-13-thread-1]: Okay, the tick is: 2783.024748 @ 1621459907628
]]></system-out>
  <system-err><![CDATA[]]></system-err>
</testsuite>
