<?xml version="1.0" encoding="UTF-8"?>
<testsuite name="TestKrypto" tests="1" skipped="0" failures="0" errors="0" timestamp="2021-05-07T11:05:08" hostname="PC" time="49.754">
  <properties/>
  <testcase name="testApp()" classname="TestKrypto" time="49.754"/>
  <system-out><![CDATA[]]></system-out>
  <system-err><![CDATA[]]></system-err>
</testsuite>
