<?xml version="1.0" encoding="UTF-8"?>
<testsuite name="TestBankHeist" tests="1" skipped="0" failures="0" errors="0" timestamp="2021-05-05T17:26:31" hostname="PC" time="1.645">
  <properties/>
  <testcase name="testMichaelDeSanta()" classname="TestBankHeist" time="1.645"/>
  <system-out><![CDATA[945
]]></system-out>
  <system-err><![CDATA[]]></system-err>
</testsuite>
