<?xml version="1.0" encoding="UTF-8"?>
<testsuite name="TestRWLock" tests="6" skipped="0" failures="0" errors="0" timestamp="2021-05-05T20:28:20" hostname="PC" time="0.166">
  <properties/>
  <testcase name="testReadersMayGoConcurrently()" classname="TestRWLock" time="0.036"/>
  <testcase name="testWritersMustGoSerial()" classname="TestRWLock" time="0.001"/>
  <testcase name="testReadersBlockWriters()" classname="TestRWLock" time="0.002"/>
  <testcase name="testWritersBlockReaders()" classname="TestRWLock" time="0.001"/>
  <testcase name="testSimple()" classname="TestRWLock" time="0.001"/>
  <testcase name="testStress()" classname="TestRWLock" time="0.124"/>
  <system-out><![CDATA[]]></system-out>
  <system-err><![CDATA[]]></system-err>
</testsuite>
